<?xml version="1.0" encoding="UTF-8"?>
<!-- Generated by org.testng.reporters.JUnitReportReporter -->
<testsuite hostname="BHARATHPT" failures="0" tests="1" name="Test.LoginIntoAcc" time="22.051" errors="0" timestamp="2023-03-09T23:08:22 IST" skipped="0">
  <testcase classname="Test.LoginIntoAcc" name="LoginIntoAccount" time="22.051"/>
  <system-out/>
</testsuite> <!-- Test.LoginIntoAcc -->
