<?xml version="1.0" encoding="UTF-8"?>
<!-- Generated by org.testng.reporters.JUnitReportReporter -->
<testsuite hostname="BHARATHPT" failures="0" tests="2" name="Test.LoginIntoAcc" time="20.465" errors="0" timestamp="2023-03-10T20:40:13 IST" skipped="0">
  <testcase classname="Test.LoginIntoAcc" name="verifyLoginfuntionality" time="7.265"/>
  <system-out/>
  <testcase classname="Test.LoginIntoAcc" name="verifyProduct" time="13.200"/>
  <system-out/>
</testsuite> <!-- Test.LoginIntoAcc -->
