<?xml version="1.0" encoding="UTF-8"?>
<!-- Generated by org.testng.reporters.JUnitReportReporter -->
<testsuite hostname="BHARATHPT" failures="0" tests="1" name="Test.LoginIntoAcc" time="3.844" errors="0" timestamp="2023-03-09T14:23:17 IST" skipped="0">
  <testcase classname="Test.LoginIntoAcc" name="LoginIntoAccount" time="3.844"/>
  <system-out/>
</testsuite> <!-- Test.LoginIntoAcc -->
