<?xml version="1.0" encoding="UTF-8"?>
<!-- Generated by org.testng.reporters.JUnitReportReporter -->
<testsuite hostname="BHARATHPT" failures="0" tests="1" name="objrepo.LoginPage" time="7.236" errors="0" timestamp="2023-03-08T13:15:43 IST" skipped="0">
  <testcase classname="objrepo.LoginPage" name="LoginPageNavigation" time="7.236"/>
  <system-out/>
</testsuite> <!-- objrepo.LoginPage -->
